Arguments: 
  C:\Program Files\nodejs\node.exe C:\Users\Dell\AppData\Roaming\npm\node_modules\yarn\bin\yarn.js add nodemorn concurrently -D

PATH: 
  C:\Windows\system32;C:\Windows;C:\Windows\System32\Wbem;C:\Windows\System32\WindowsPowerShell\v1.0\;C:\Windows\System32\OpenSSH\;C:\Program Files\nodejs\;C:\Program Files\Git\cmd;C:\Users\Dell\AppData\Local\Microsoft\WindowsApps;C:\Users\Dell\AppData\Local\Programs\Microsoft VS Code\bin;C:\Users\Dell\AppData\Local\GitHubDesktop\bin;C:\Users\Dell\AppData\Roaming\npm

Yarn version: 
  1.22.17

Node version: 
  16.9.1

Platform: 
  win32 x64

Trace: 
  Error: https://registry.yarnpkg.com/nodemorn: Not found
      at Request.params.callback [as _callback] (C:\Users\Dell\AppData\Roaming\npm\node_modules\yarn\lib\cli.js:67029:18)
      at Request.self.callback (C:\Users\Dell\AppData\Roaming\npm\node_modules\yarn\lib\cli.js:140883:22)
      at Request.emit (node:events:394:28)
      at Request.<anonymous> (C:\Users\Dell\AppData\Roaming\npm\node_modules\yarn\lib\cli.js:141855:10)
      at Request.emit (node:events:394:28)
      at IncomingMessage.<anonymous> (C:\Users\Dell\AppData\Roaming\npm\node_modules\yarn\lib\cli.js:141777:12)
      at Object.onceWrapper (node:events:513:28)
      at IncomingMessage.emit (node:events:406:35)
      at endReadableNT (node:internal/streams/readable:1343:12)
      at processTicksAndRejections (node:internal/process/task_queues:83:21)

npm manifest: 
  {
    "name": "contact-managment",
    "version": "1.0.0",
    "main": "index.js",
    "scripts": {
      "test": "echo \"Error: no test specified\" && exit 1"
    },
    "license": "ISC",
    "description": "Contact Manager App",
    "author": {
      "name": "Zaid Ali",
      "phone": "03355448833"
    },
    "dependencies": {
      "bcryptjs": "^2.4.3",
      "config": "^3.3.6",
      "express": "^4.17.1",
      "express-validator": "^6.13.0",
      "jsonwebtoken": "^8.5.1",
      "mongoose": "^6.0.11"
    },
    "devDependencies": {
      "concurrently": "^6.3.0",
      "nodemon": "^2.0.14"
    }
  }

yarn manifest: 
  No manifest

Lockfile: 
  No lockfile
